<?xml version="1.0" encoding="UTF-8"?>
<testng-results ignored="0" total="1" passed="1" failed="0" skipped="0">
  <reporter-output>
  </reporter-output>
  <suite started-at="2025-11-05T19:17:43 IST" name="Surefire suite" finished-at="2025-11-05T19:17:56 IST" duration-ms="12694">
    <groups>
    </groups>
    <test started-at="2025-11-05T19:17:43 IST" name="Surefire test" finished-at="2025-11-05T19:17:56 IST" duration-ms="12694">
      <class name="TravelInsuranceTest">
        <test-method is-config="true" signature="setupReport()[pri:0, instance:TravelInsuranceTest@1a4013]" started-at="2025-11-05T19:17:43 IST" name="setupReport" finished-at="2025-11-05T19:17:43 IST" duration-ms="256" status="PASS">
          <reporter-output>
          </reporter-output>
        </test-method> <!-- setupReport -->
        <test-method is-config="true" signature="setup()[pri:0, instance:TravelInsuranceTest@1a4013]" started-at="2025-11-05T19:17:44 IST" name="setup" finished-at="2025-11-05T19:17:52 IST" duration-ms="8242" status="PASS">
          <reporter-output>
          </reporter-output>
        </test-method> <!-- setup -->
        <test-method signature="verifyTravelInsuranceFlow()[pri:0, instance:TravelInsuranceTest@1a4013]" started-at="2025-11-05T19:17:52 IST" name="verifyTravelInsuranceFlow" description="Проверка формы страхования с выбором дат и PDF" finished-at="2025-11-05T19:17:56 IST" duration-ms="3866" status="PASS">
          <reporter-output>
          </reporter-output>
        </test-method> <!-- verifyTravelInsuranceFlow -->
        <test-method is-config="true" signature="tearDown()[pri:0, instance:TravelInsuranceTest@1a4013]" started-at="2025-11-05T19:17:56 IST" name="tearDown" finished-at="2025-11-05T19:17:56 IST" duration-ms="421" status="PASS">
          <reporter-output>
          </reporter-output>
        </test-method> <!-- tearDown -->
        <test-method is-config="true" signature="flushReport()[pri:0, instance:TravelInsuranceTest@1a4013]" started-at="2025-11-05T19:17:56 IST" name="flushReport" finished-at="2025-11-05T19:17:57 IST" duration-ms="601" status="PASS">
          <reporter-output>
          </reporter-output>
        </test-method> <!-- flushReport -->
      </class> <!-- TravelInsuranceTest -->
    </test> <!-- Surefire test -->
  </suite> <!-- Surefire suite -->
</testng-results>
