<?xml version="1.0" encoding="UTF-8"?>
<testng-results ignored="0" total="1" passed="1" failed="0" skipped="0">
  <reporter-output>
  </reporter-output>
  <suite started-at="2025-11-03T21:10:12 IST" name="Surefire suite" finished-at="2025-11-03T21:10:37 IST" duration-ms="24817">
    <groups>
    </groups>
    <test started-at="2025-11-03T21:10:12 IST" name="Surefire test" finished-at="2025-11-03T21:10:37 IST" duration-ms="24817">
      <class name="TravelInsuranceTest">
        <test-method is-config="true" signature="setup()[pri:0, instance:TravelInsuranceTest@5af97850]" started-at="2025-11-03T21:10:12 IST" name="setup" finished-at="2025-11-03T21:10:14 IST" duration-ms="2131" status="PASS">
          <reporter-output>
          </reporter-output>
        </test-method> <!-- setup -->
        <test-method signature="verifyTravelInsuranceFlow()[pri:0, instance:TravelInsuranceTest@5af97850]" started-at="2025-11-03T21:10:14 IST" name="verifyTravelInsuranceFlow" finished-at="2025-11-03T21:10:36 IST" duration-ms="21911" status="PASS">
          <reporter-output>
          </reporter-output>
        </test-method> <!-- verifyTravelInsuranceFlow -->
        <test-method is-config="true" signature="tearDown()[pri:0, instance:TravelInsuranceTest@5af97850]" started-at="2025-11-03T21:10:36 IST" name="tearDown" finished-at="2025-11-03T21:10:37 IST" duration-ms="746" status="PASS">
          <reporter-output>
          </reporter-output>
        </test-method> <!-- tearDown -->
      </class> <!-- TravelInsuranceTest -->
    </test> <!-- Surefire test -->
  </suite> <!-- Surefire suite -->
</testng-results>
